This file contains any messages produced by compilers while
running configure, to aid debugging if configure makes a mistake.

It was created by ANTL configure 1.0, which was
generated by GNU Autoconf 2.69.  Invocation command line was

  $ /home/work/ANTLtesting/ANTL/configure --host=x86_64-linux-gnu --prefix=/home/work/.cache/gnome-builder/install/ANTL/host

## --------- ##
## Platform. ##
## --------- ##

hostname = normal
uname -m = x86_64
uname -r = 5.12.12-051212-generic
uname -s = Linux
uname -v = #202106180931 SMP Fri Jun 18 09:59:56 UTC 2021

/usr/bin/uname -p = x86_64
/bin/uname -X     = unknown

/bin/arch              = x86_64
/usr/bin/arch -k       = unknown
/usr/convex/getsysinfo = unknown
/usr/bin/hostinfo      = unknown
/bin/machine           = unknown
/usr/bin/oslevel       = unknown
/bin/universe          = unknown

PATH: /usr/bin
PATH: /bin


## ----------- ##
## Core tests. ##
## ----------- ##

configure:2450: checking for a BSD-compatible install
configure:2518: result: /usr/bin/install -c
configure:2529: checking whether build environment is sane
configure:2584: result: yes
configure:2641: checking for x86_64-linux-gnu-strip
configure:2657: found /usr/bin/x86_64-linux-gnu-strip
configure:2668: result: x86_64-linux-gnu-strip
configure:2733: checking for a thread-safe mkdir -p
configure:2772: result: /usr/bin/mkdir -p
configure:2779: checking for gawk
configure:2795: found /usr/bin/gawk
configure:2806: result: gawk
configure:2817: checking whether make sets $(MAKE)
configure:2839: result: yes
configure:2868: checking whether make supports nested variables
configure:2885: result: yes
configure:3027: checking for x86_64-linux-gnu-g++
configure:3043: found /usr/bin/x86_64-linux-gnu-g++
configure:3054: result: x86_64-linux-gnu-g++
configure:3125: checking for C++ compiler version
configure:3134: x86_64-linux-gnu-g++ --version >&5
x86_64-linux-gnu-g++ (Ubuntu 9.3.0-17ubuntu1~20.04) 9.3.0
Copyright (C) 2019 Free Software Foundation, Inc.
This is free software; see the source for copying conditions.  There is NO
warranty; not even for MERCHANTABILITY or FITNESS FOR A PARTICULAR PURPOSE.

configure:3145: $? = 0
configure:3134: x86_64-linux-gnu-g++ -v >&5
Using built-in specs.
COLLECT_GCC=x86_64-linux-gnu-g++
COLLECT_LTO_WRAPPER=/usr/lib/gcc/x86_64-linux-gnu/9/lto-wrapper
OFFLOAD_TARGET_NAMES=nvptx-none:hsa
OFFLOAD_TARGET_DEFAULT=1
Target: x86_64-linux-gnu
Configured with: ../src/configure -v --with-pkgversion='Ubuntu 9.3.0-17ubuntu1~20.04' --with-bugurl=file:///usr/share/doc/gcc-9/README.Bugs --enable-languages=c,ada,c++,go,brig,d,fortran,objc,obj-c++,gm2 --prefix=/usr --with-gcc-major-version-only --program-suffix=-9 --program-prefix=x86_64-linux-gnu- --enable-shared --enable-linker-build-id --libexecdir=/usr/lib --without-included-gettext --enable-threads=posix --libdir=/usr/lib --enable-nls --enable-clocale=gnu --enable-libstdcxx-debug --enable-libstdcxx-time=yes --with-default-libstdcxx-abi=new --enable-gnu-unique-object --disable-vtable-verify --enable-plugin --enable-default-pie --with-system-zlib --with-target-system-zlib=auto --enable-objc-gc=auto --enable-multiarch --disable-werror --with-arch-32=i686 --with-abi=m64 --with-multilib-list=m32,m64,mx32 --enable-multilib --with-tune=generic --enable-offload-targets=nvptx-none=/build/gcc-9-HskZEa/gcc-9-9.3.0/debian/tmp-nvptx/usr,hsa --without-cuda-driver --enable-checking=release --build=x86_64-linux-gnu --host=x86_64-linux-gnu --target=x86_64-linux-gnu
Thread model: posix
gcc version 9.3.0 (Ubuntu 9.3.0-17ubuntu1~20.04) 
configure:3145: $? = 0
configure:3134: x86_64-linux-gnu-g++ -V >&5
x86_64-linux-gnu-g++: error: unrecognized command line option '-V'
x86_64-linux-gnu-g++: fatal error: no input files
compilation terminated.
configure:3145: $? = 1
configure:3134: x86_64-linux-gnu-g++ -qversion >&5
x86_64-linux-gnu-g++: error: unrecognized command line option '-qversion'; did you mean '--version'?
x86_64-linux-gnu-g++: fatal error: no input files
compilation terminated.
configure:3145: $? = 1
configure:3165: checking whether the C++ compiler works
configure:3187: x86_64-linux-gnu-g++    conftest.cpp  >&5
configure:3191: $? = 0
configure:3239: result: yes
configure:3242: checking for C++ compiler default output file name
configure:3244: result: a.out
configure:3250: checking for suffix of executables
configure:3257: x86_64-linux-gnu-g++ -o conftest    conftest.cpp  >&5
configure:3261: $? = 0
configure:3283: result: 
configure:3305: checking whether we are cross compiling
configure:3313: x86_64-linux-gnu-g++ -o conftest    conftest.cpp  >&5
configure:3317: $? = 0
configure:3324: ./conftest
configure:3328: $? = 0
configure:3316: result: no
configure:3321: checking for suffix of object files
configure:3343: x86_64-linux-gnu-g++ -c   conftest.cpp >&5
configure:3347: $? = 0
configure:3368: result: o
configure:3372: checking whether we are using the GNU C++ compiler
configure:3391: x86_64-linux-gnu-g++ -c   conftest.cpp >&5
configure:3391: $? = 0
configure:3400: result: yes
configure:3409: checking whether x86_64-linux-gnu-g++ accepts -g
configure:3429: x86_64-linux-gnu-g++ -c -g  conftest.cpp >&5
configure:3429: $? = 0
configure:3470: result: yes
configure:3496: checking whether make supports the include directive
configure:3511: make -f confmf.GNU && cat confinc.out
this is the am__doit target
configure:3514: $? = 0
configure:3533: result: yes (GNU style)
configure:3558: checking dependency style of x86_64-linux-gnu-g++
configure:3669: result: gcc3
configure:3692: checking for x86_64-linux-gnu-gcc
configure:3708: found /usr/bin/x86_64-linux-gnu-gcc
configure:3719: result: x86_64-linux-gnu-gcc
configure:3988: checking for C compiler version
configure:3997: x86_64-linux-gnu-gcc --version >&5
x86_64-linux-gnu-gcc (Ubuntu 9.3.0-17ubuntu1~20.04) 9.3.0
Copyright (C) 2019 Free Software Foundation, Inc.
This is free software; see the source for copying conditions.  There is NO
warranty; not even for MERCHANTABILITY or FITNESS FOR A PARTICULAR PURPOSE.

configure:4008: $? = 0
configure:3997: x86_64-linux-gnu-gcc -v >&5
Using built-in specs.
COLLECT_GCC=x86_64-linux-gnu-gcc
COLLECT_LTO_WRAPPER=/usr/lib/gcc/x86_64-linux-gnu/9/lto-wrapper
OFFLOAD_TARGET_NAMES=nvptx-none:hsa
OFFLOAD_TARGET_DEFAULT=1
Target: x86_64-linux-gnu
Configured with: ../src/configure -v --with-pkgversion='Ubuntu 9.3.0-17ubuntu1~20.04' --with-bugurl=file:///usr/share/doc/gcc-9/README.Bugs --enable-languages=c,ada,c++,go,brig,d,fortran,objc,obj-c++,gm2 --prefix=/usr --with-gcc-major-version-only --program-suffix=-9 --program-prefix=x86_64-linux-gnu- --enable-shared --enable-linker-build-id --libexecdir=/usr/lib --without-included-gettext --enable-threads=posix --libdir=/usr/lib --enable-nls --enable-clocale=gnu --enable-libstdcxx-debug --enable-libstdcxx-time=yes --with-default-libstdcxx-abi=new --enable-gnu-unique-object --disable-vtable-verify --enable-plugin --enable-default-pie --with-system-zlib --with-target-system-zlib=auto --enable-objc-gc=auto --enable-multiarch --disable-werror --with-arch-32=i686 --with-abi=m64 --with-multilib-list=m32,m64,mx32 --enable-multilib --with-tune=generic --enable-offload-targets=nvptx-none=/build/gcc-9-HskZEa/gcc-9-9.3.0/debian/tmp-nvptx/usr,hsa --without-cuda-driver --enable-checking=release --build=x86_64-linux-gnu --host=x86_64-linux-gnu --target=x86_64-linux-gnu
Thread model: posix
gcc version 9.3.0 (Ubuntu 9.3.0-17ubuntu1~20.04) 
configure:4008: $? = 0
configure:3997: x86_64-linux-gnu-gcc -V >&5
x86_64-linux-gnu-gcc: error: unrecognized command line option '-V'
x86_64-linux-gnu-gcc: fatal error: no input files
compilation terminated.
configure:4008: $? = 1
configure:3997: x86_64-linux-gnu-gcc -qversion >&5
x86_64-linux-gnu-gcc: error: unrecognized command line option '-qversion'; did you mean '--version'?
x86_64-linux-gnu-gcc: fatal error: no input files
compilation terminated.
configure:4008: $? = 1
configure:4012: checking whether we are using the GNU C compiler
configure:4031: x86_64-linux-gnu-gcc -c   conftest.c >&5
configure:4031: $? = 0
configure:4040: result: yes
configure:4049: checking whether x86_64-linux-gnu-gcc accepts -g
configure:4069: x86_64-linux-gnu-gcc -c -g  conftest.c >&5
configure:4069: $? = 0
configure:4110: result: yes
configure:4127: checking for x86_64-linux-gnu-gcc option to accept ISO C89
configure:4190: x86_64-linux-gnu-gcc  -c -g -O2  conftest.c >&5
configure:4190: $? = 0
configure:4203: result: none needed
configure:4228: checking whether x86_64-linux-gnu-gcc understands -c and -o together
configure:4250: x86_64-linux-gnu-gcc -c conftest.c -o conftest2.o
configure:4253: $? = 0
configure:4250: x86_64-linux-gnu-gcc -c conftest.c -o conftest2.o
configure:4253: $? = 0
configure:4265: result: yes
configure:4284: checking dependency style of x86_64-linux-gnu-gcc
configure:4395: result: gcc3
configure:4410: checking whether ln -s works
configure:4414: result: yes
configure:4427: checking build system type
configure:4441: result: x86_64-pc-linux-gnu
configure:4461: checking host system type
configure:4474: result: x86_64-pc-linux-gnu
configure:4494: checking for a sed that does not truncate output
configure:4558: result: /usr/bin/sed
configure:4569: checking how to run the C preprocessor
configure:4600: x86_64-linux-gnu-gcc -E  conftest.c
configure:4600: $? = 0
configure:4614: x86_64-linux-gnu-gcc -E  conftest.c
conftest.c:11:10: fatal error: ac_nonexistent.h: No such file or directory
   11 | #include <ac_nonexistent.h>
      |          ^~~~~~~~~~~~~~~~~~
compilation terminated.
configure:4614: $? = 1
configure: failed program was:
| /* confdefs.h */
| #define PACKAGE_NAME "ANTL"
| #define PACKAGE_TARNAME "antl"
| #define PACKAGE_VERSION "1.0"
| #define PACKAGE_STRING "ANTL 1.0"
| #define PACKAGE_BUGREPORT "test@gmail.com"
| #define PACKAGE_URL ""
| #define PACKAGE "antl"
| #define VERSION "1.0"
| /* end confdefs.h.  */
| #include <ac_nonexistent.h>
configure:4639: result: x86_64-linux-gnu-gcc -E
configure:4659: x86_64-linux-gnu-gcc -E  conftest.c
configure:4659: $? = 0
configure:4673: x86_64-linux-gnu-gcc -E  conftest.c
conftest.c:11:10: fatal error: ac_nonexistent.h: No such file or directory
   11 | #include <ac_nonexistent.h>
      |          ^~~~~~~~~~~~~~~~~~
compilation terminated.
configure:4673: $? = 1
configure: failed program was:
| /* confdefs.h */
| #define PACKAGE_NAME "ANTL"
| #define PACKAGE_TARNAME "antl"
| #define PACKAGE_VERSION "1.0"
| #define PACKAGE_STRING "ANTL 1.0"
| #define PACKAGE_BUGREPORT "test@gmail.com"
| #define PACKAGE_URL ""
| #define PACKAGE "antl"
| #define VERSION "1.0"
| /* end confdefs.h.  */
| #include <ac_nonexistent.h>
configure:4702: checking for grep that handles long lines and -e
configure:4760: result: /usr/bin/grep
configure:4765: checking for egrep
configure:4827: result: /usr/bin/grep -E
configure:5015: checking whether x86_64-linux-gnu-gcc is Clang
configure:5040: result: no
configure:5163: checking whether pthreads work with -pthread
configure:5257: x86_64-linux-gnu-gcc -o conftest -g -O2 -pthread   conftest.c   >&5
configure:5257: $? = 0
configure:5266: result: yes
configure:5285: checking for joinable pthread attribute
configure:5303: x86_64-linux-gnu-gcc -o conftest -g -O2 -pthread   conftest.c   >&5
configure:5303: $? = 0
configure:5311: result: PTHREAD_CREATE_JOINABLE
configure:5325: checking whether more special flags are required for pthreads
configure:5338: result: no
configure:5346: checking for PTHREAD_PRIO_INHERIT
configure:5362: x86_64-linux-gnu-gcc -o conftest -g -O2 -pthread   conftest.c   >&5
configure:5362: $? = 0
configure:5371: result: yes
configure:5476: checking for main in -lgmp
configure:5495: x86_64-linux-gnu-gcc -o conftest -g -O2   conftest.c -lgmp   >&5
configure:5495: $? = 0
configure:5504: result: yes
configure:5516: checking for main in -lm
configure:5535: x86_64-linux-gnu-gcc -o conftest -g -O2   conftest.c -lm  -lgmp  >&5
configure:5535: $? = 0
configure:5544: result: yes
configure:5556: checking for main in -lmpfi
configure:5575: x86_64-linux-gnu-gcc -o conftest -g -O2   conftest.c -lmpfi  -lm -lgmp  >&5
configure:5575: $? = 0
configure:5584: result: yes
configure:5596: checking for main in -lmpfr
configure:5615: x86_64-linux-gnu-gcc -o conftest -g -O2   conftest.c -lmpfr  -lmpfi -lm -lgmp  >&5
configure:5615: $? = 0
configure:5624: result: yes
configure:5636: checking for main in -lntl
configure:5655: x86_64-linux-gnu-gcc -o conftest -g -O2   conftest.c -lntl  -lmpfr -lmpfi -lm -lgmp  >&5
configure:5655: $? = 0
configure:5664: result: yes
configure:5676: checking for main in -lpari
configure:5695: x86_64-linux-gnu-gcc -o conftest -g -O2   conftest.c -lpari  -lntl -lmpfr -lmpfi -lm -lgmp  >&5
configure:5695: $? = 0
configure:5704: result: yes
configure:5717: checking for ANSI C header files
configure:5737: x86_64-linux-gnu-gcc -c -g -O2  conftest.c >&5
configure:5737: $? = 0
configure:5810: x86_64-linux-gnu-gcc -o conftest -g -O2   conftest.c -lpari -lntl -lmpfr -lmpfi -lm -lgmp  >&5
configure:5810: $? = 0
configure:5810: ./conftest
configure:5810: $? = 0
configure:5821: result: yes
configure:5834: checking for sys/types.h
configure:5834: x86_64-linux-gnu-gcc -c -g -O2  conftest.c >&5
configure:5834: $? = 0
configure:5834: result: yes
configure:5834: checking for sys/stat.h
configure:5834: x86_64-linux-gnu-gcc -c -g -O2  conftest.c >&5
configure:5834: $? = 0
configure:5834: result: yes
configure:5834: checking for stdlib.h
configure:5834: x86_64-linux-gnu-gcc -c -g -O2  conftest.c >&5
configure:5834: $? = 0
configure:5834: result: yes
configure:5834: checking for string.h
configure:5834: x86_64-linux-gnu-gcc -c -g -O2  conftest.c >&5
configure:5834: $? = 0
configure:5834: result: yes
configure:5834: checking for memory.h
configure:5834: x86_64-linux-gnu-gcc -c -g -O2  conftest.c >&5
configure:5834: $? = 0
configure:5834: result: yes
configure:5834: checking for strings.h
configure:5834: x86_64-linux-gnu-gcc -c -g -O2  conftest.c >&5
configure:5834: $? = 0
configure:5834: result: yes
configure:5834: checking for inttypes.h
configure:5834: x86_64-linux-gnu-gcc -c -g -O2  conftest.c >&5
configure:5834: $? = 0
configure:5834: result: yes
configure:5834: checking for stdint.h
configure:5834: x86_64-linux-gnu-gcc -c -g -O2  conftest.c >&5
configure:5834: $? = 0
configure:5834: result: yes
configure:5834: checking for unistd.h
configure:5834: x86_64-linux-gnu-gcc -c -g -O2  conftest.c >&5
configure:5834: $? = 0
configure:5834: result: yes
configure:5849: checking for stdlib.h
configure:5849: result: yes
configure:5849: checking for unistd.h
configure:5849: result: yes
configure:5861: checking for stdbool.h that conforms to C99
configure:5928: x86_64-linux-gnu-gcc -c -g -O2  conftest.c >&5
configure:5928: $? = 0
configure:5935: result: yes
configure:5937: checking for _Bool
configure:5937: x86_64-linux-gnu-gcc -c -g -O2  conftest.c >&5
configure:5937: $? = 0
configure:5937: x86_64-linux-gnu-gcc -c -g -O2  conftest.c >&5
conftest.c: In function 'main':
conftest.c:67:20: error: expected expression before ')' token
   67 | if (sizeof ((_Bool)))
      |                    ^
configure:5937: $? = 1
configure: failed program was:
| /* confdefs.h */
| #define PACKAGE_NAME "ANTL"
| #define PACKAGE_TARNAME "antl"
| #define PACKAGE_VERSION "1.0"
| #define PACKAGE_STRING "ANTL 1.0"
| #define PACKAGE_BUGREPORT "test@gmail.com"
| #define PACKAGE_URL ""
| #define PACKAGE "antl"
| #define VERSION "1.0"
| #define HAVE_PTHREAD_PRIO_INHERIT 1
| #define HAVE_PTHREAD 1
| #define HAVE_LIBGMP 1
| #define HAVE_LIBM 1
| #define HAVE_LIBMPFI 1
| #define HAVE_LIBMPFR 1
| #define HAVE_LIBNTL 1
| #define HAVE_LIBPARI 1
| #define STDC_HEADERS 1
| #define HAVE_SYS_TYPES_H 1
| #define HAVE_SYS_STAT_H 1
| #define HAVE_STDLIB_H 1
| #define HAVE_STRING_H 1
| #define HAVE_MEMORY_H 1
| #define HAVE_STRINGS_H 1
| #define HAVE_INTTYPES_H 1
| #define HAVE_STDINT_H 1
| #define HAVE_UNISTD_H 1
| #define HAVE_STDLIB_H 1
| #define HAVE_UNISTD_H 1
| /* end confdefs.h.  */
| #include <stdio.h>
| #ifdef HAVE_SYS_TYPES_H
| # include <sys/types.h>
| #endif
| #ifdef HAVE_SYS_STAT_H
| # include <sys/stat.h>
| #endif
| #ifdef STDC_HEADERS
| # include <stdlib.h>
| # include <stddef.h>
| #else
| # ifdef HAVE_STDLIB_H
| #  include <stdlib.h>
| # endif
| #endif
| #ifdef HAVE_STRING_H
| # if !defined STDC_HEADERS && defined HAVE_MEMORY_H
| #  include <memory.h>
| # endif
| # include <string.h>
| #endif
| #ifdef HAVE_STRINGS_H
| # include <strings.h>
| #endif
| #ifdef HAVE_INTTYPES_H
| # include <inttypes.h>
| #endif
| #ifdef HAVE_STDINT_H
| # include <stdint.h>
| #endif
| #ifdef HAVE_UNISTD_H
| # include <unistd.h>
| #endif
| int
| main ()
| {
| if (sizeof ((_Bool)))
| 	    return 0;
|   ;
|   return 0;
| }
configure:5937: result: yes
configure:5948: checking for inline
configure:5964: x86_64-linux-gnu-gcc -c -g -O2  conftest.c >&5
configure:5964: $? = 0
configure:5972: result: inline
configure:5990: checking for int32_t
configure:5990: x86_64-linux-gnu-gcc -c -g -O2  conftest.c >&5
configure:5990: $? = 0
configure:5990: x86_64-linux-gnu-gcc -c -g -O2  conftest.c >&5
conftest.c: In function 'main':
conftest.c:70:53: warning: integer overflow in expression of type 'int' results in '-2147483648' [-Woverflow]
   70 |    < (int32_t) (((((int32_t) 1 << N) << N) - 1) * 2 + 2))];
      |                                                     ^
conftest.c:69:12: error: storage size of 'test_array' isn't constant
   69 | static int test_array [1 - 2 * !((int32_t) (((((int32_t) 1 << N) << N) - 1) * 2 + 1)
      |            ^~~~~~~~~~
configure:5990: $? = 1
configure: failed program was:
| /* confdefs.h */
| #define PACKAGE_NAME "ANTL"
| #define PACKAGE_TARNAME "antl"
| #define PACKAGE_VERSION "1.0"
| #define PACKAGE_STRING "ANTL 1.0"
| #define PACKAGE_BUGREPORT "test@gmail.com"
| #define PACKAGE_URL ""
| #define PACKAGE "antl"
| #define VERSION "1.0"
| #define HAVE_PTHREAD_PRIO_INHERIT 1
| #define HAVE_PTHREAD 1
| #define HAVE_LIBGMP 1
| #define HAVE_LIBM 1
| #define HAVE_LIBMPFI 1
| #define HAVE_LIBMPFR 1
| #define HAVE_LIBNTL 1
| #define HAVE_LIBPARI 1
| #define STDC_HEADERS 1
| #define HAVE_SYS_TYPES_H 1
| #define HAVE_SYS_STAT_H 1
| #define HAVE_STDLIB_H 1
| #define HAVE_STRING_H 1
| #define HAVE_MEMORY_H 1
| #define HAVE_STRINGS_H 1
| #define HAVE_INTTYPES_H 1
| #define HAVE_STDINT_H 1
| #define HAVE_UNISTD_H 1
| #define HAVE_STDLIB_H 1
| #define HAVE_UNISTD_H 1
| #define HAVE__BOOL 1
| /* end confdefs.h.  */
| #include <stdio.h>
| #ifdef HAVE_SYS_TYPES_H
| # include <sys/types.h>
| #endif
| #ifdef HAVE_SYS_STAT_H
| # include <sys/stat.h>
| #endif
| #ifdef STDC_HEADERS
| # include <stdlib.h>
| # include <stddef.h>
| #else
| # ifdef HAVE_STDLIB_H
| #  include <stdlib.h>
| # endif
| #endif
| #ifdef HAVE_STRING_H
| # if !defined STDC_HEADERS && defined HAVE_MEMORY_H
| #  include <memory.h>
| # endif
| # include <string.h>
| #endif
| #ifdef HAVE_STRINGS_H
| # include <strings.h>
| #endif
| #ifdef HAVE_INTTYPES_H
| # include <inttypes.h>
| #endif
| #ifdef HAVE_STDINT_H
| # include <stdint.h>
| #endif
| #ifdef HAVE_UNISTD_H
| # include <unistd.h>
| #endif
| 	        enum { N = 32 / 2 - 1 };
| int
| main ()
| {
| static int test_array [1 - 2 * !((int32_t) (((((int32_t) 1 << N) << N) - 1) * 2 + 1)
| 		 < (int32_t) (((((int32_t) 1 << N) << N) - 1) * 2 + 2))];
| test_array [0] = 0;
| return test_array [0];
| 
|   ;
|   return 0;
| }
configure:5990: result: yes
configure:6001: checking for int64_t
configure:6001: x86_64-linux-gnu-gcc -c -g -O2  conftest.c >&5
configure:6001: $? = 0
configure:6001: x86_64-linux-gnu-gcc -c -g -O2  conftest.c >&5
conftest.c: In function 'main':
conftest.c:70:53: warning: integer overflow in expression of type 'long int' results in '-9223372036854775808' [-Woverflow]
   70 |    < (int64_t) (((((int64_t) 1 << N) << N) - 1) * 2 + 2))];
      |                                                     ^
conftest.c:69:12: error: storage size of 'test_array' isn't constant
   69 | static int test_array [1 - 2 * !((int64_t) (((((int64_t) 1 << N) << N) - 1) * 2 + 1)
      |            ^~~~~~~~~~
configure:6001: $? = 1
configure: failed program was:
| /* confdefs.h */
| #define PACKAGE_NAME "ANTL"
| #define PACKAGE_TARNAME "antl"
| #define PACKAGE_VERSION "1.0"
| #define PACKAGE_STRING "ANTL 1.0"
| #define PACKAGE_BUGREPORT "test@gmail.com"
| #define PACKAGE_URL ""
| #define PACKAGE "antl"
| #define VERSION "1.0"
| #define HAVE_PTHREAD_PRIO_INHERIT 1
| #define HAVE_PTHREAD 1
| #define HAVE_LIBGMP 1
| #define HAVE_LIBM 1
| #define HAVE_LIBMPFI 1
| #define HAVE_LIBMPFR 1
| #define HAVE_LIBNTL 1
| #define HAVE_LIBPARI 1
| #define STDC_HEADERS 1
| #define HAVE_SYS_TYPES_H 1
| #define HAVE_SYS_STAT_H 1
| #define HAVE_STDLIB_H 1
| #define HAVE_STRING_H 1
| #define HAVE_MEMORY_H 1
| #define HAVE_STRINGS_H 1
| #define HAVE_INTTYPES_H 1
| #define HAVE_STDINT_H 1
| #define HAVE_UNISTD_H 1
| #define HAVE_STDLIB_H 1
| #define HAVE_UNISTD_H 1
| #define HAVE__BOOL 1
| /* end confdefs.h.  */
| #include <stdio.h>
| #ifdef HAVE_SYS_TYPES_H
| # include <sys/types.h>
| #endif
| #ifdef HAVE_SYS_STAT_H
| # include <sys/stat.h>
| #endif
| #ifdef STDC_HEADERS
| # include <stdlib.h>
| # include <stddef.h>
| #else
| # ifdef HAVE_STDLIB_H
| #  include <stdlib.h>
| # endif
| #endif
| #ifdef HAVE_STRING_H
| # if !defined STDC_HEADERS && defined HAVE_MEMORY_H
| #  include <memory.h>
| # endif
| # include <string.h>
| #endif
| #ifdef HAVE_STRINGS_H
| # include <strings.h>
| #endif
| #ifdef HAVE_INTTYPES_H
| # include <inttypes.h>
| #endif
| #ifdef HAVE_STDINT_H
| # include <stdint.h>
| #endif
| #ifdef HAVE_UNISTD_H
| # include <unistd.h>
| #endif
| 	        enum { N = 64 / 2 - 1 };
| int
| main ()
| {
| static int test_array [1 - 2 * !((int64_t) (((((int64_t) 1 << N) << N) - 1) * 2 + 1)
| 		 < (int64_t) (((((int64_t) 1 << N) << N) - 1) * 2 + 2))];
| test_array [0] = 0;
| return test_array [0];
| 
|   ;
|   return 0;
| }
configure:6001: result: yes
configure:6012: checking for size_t
configure:6012: x86_64-linux-gnu-gcc -c -g -O2  conftest.c >&5
configure:6012: $? = 0
configure:6012: x86_64-linux-gnu-gcc -c -g -O2  conftest.c >&5
conftest.c: In function 'main':
conftest.c:68:21: error: expected expression before ')' token
   68 | if (sizeof ((size_t)))
      |                     ^
configure:6012: $? = 1
configure: failed program was:
| /* confdefs.h */
| #define PACKAGE_NAME "ANTL"
| #define PACKAGE_TARNAME "antl"
| #define PACKAGE_VERSION "1.0"
| #define PACKAGE_STRING "ANTL 1.0"
| #define PACKAGE_BUGREPORT "test@gmail.com"
| #define PACKAGE_URL ""
| #define PACKAGE "antl"
| #define VERSION "1.0"
| #define HAVE_PTHREAD_PRIO_INHERIT 1
| #define HAVE_PTHREAD 1
| #define HAVE_LIBGMP 1
| #define HAVE_LIBM 1
| #define HAVE_LIBMPFI 1
| #define HAVE_LIBMPFR 1
| #define HAVE_LIBNTL 1
| #define HAVE_LIBPARI 1
| #define STDC_HEADERS 1
| #define HAVE_SYS_TYPES_H 1
| #define HAVE_SYS_STAT_H 1
| #define HAVE_STDLIB_H 1
| #define HAVE_STRING_H 1
| #define HAVE_MEMORY_H 1
| #define HAVE_STRINGS_H 1
| #define HAVE_INTTYPES_H 1
| #define HAVE_STDINT_H 1
| #define HAVE_UNISTD_H 1
| #define HAVE_STDLIB_H 1
| #define HAVE_UNISTD_H 1
| #define HAVE__BOOL 1
| /* end confdefs.h.  */
| #include <stdio.h>
| #ifdef HAVE_SYS_TYPES_H
| # include <sys/types.h>
| #endif
| #ifdef HAVE_SYS_STAT_H
| # include <sys/stat.h>
| #endif
| #ifdef STDC_HEADERS
| # include <stdlib.h>
| # include <stddef.h>
| #else
| # ifdef HAVE_STDLIB_H
| #  include <stdlib.h>
| # endif
| #endif
| #ifdef HAVE_STRING_H
| # if !defined STDC_HEADERS && defined HAVE_MEMORY_H
| #  include <memory.h>
| # endif
| # include <string.h>
| #endif
| #ifdef HAVE_STRINGS_H
| # include <strings.h>
| #endif
| #ifdef HAVE_INTTYPES_H
| # include <inttypes.h>
| #endif
| #ifdef HAVE_STDINT_H
| # include <stdint.h>
| #endif
| #ifdef HAVE_UNISTD_H
| # include <unistd.h>
| #endif
| int
| main ()
| {
| if (sizeof ((size_t)))
| 	    return 0;
|   ;
|   return 0;
| }
configure:6012: result: yes
configure:6023: checking for uint32_t
configure:6023: x86_64-linux-gnu-gcc -c -g -O2  conftest.c >&5
configure:6023: $? = 0
configure:6023: result: yes
configure:6037: checking for uint64_t
configure:6037: x86_64-linux-gnu-gcc -c -g -O2  conftest.c >&5
configure:6037: $? = 0
configure:6037: result: yes
configure:6051: checking for uint8_t
configure:6051: x86_64-linux-gnu-gcc -c -g -O2  conftest.c >&5
configure:6051: $? = 0
configure:6051: result: yes
configure:6065: checking for ptrdiff_t
configure:6065: x86_64-linux-gnu-gcc -c -g -O2  conftest.c >&5
configure:6065: $? = 0
configure:6065: x86_64-linux-gnu-gcc -c -g -O2  conftest.c >&5
conftest.c: In function 'main':
conftest.c:68:24: error: expected expression before ')' token
   68 | if (sizeof ((ptrdiff_t)))
      |                        ^
configure:6065: $? = 1
configure: failed program was:
| /* confdefs.h */
| #define PACKAGE_NAME "ANTL"
| #define PACKAGE_TARNAME "antl"
| #define PACKAGE_VERSION "1.0"
| #define PACKAGE_STRING "ANTL 1.0"
| #define PACKAGE_BUGREPORT "test@gmail.com"
| #define PACKAGE_URL ""
| #define PACKAGE "antl"
| #define VERSION "1.0"
| #define HAVE_PTHREAD_PRIO_INHERIT 1
| #define HAVE_PTHREAD 1
| #define HAVE_LIBGMP 1
| #define HAVE_LIBM 1
| #define HAVE_LIBMPFI 1
| #define HAVE_LIBMPFR 1
| #define HAVE_LIBNTL 1
| #define HAVE_LIBPARI 1
| #define STDC_HEADERS 1
| #define HAVE_SYS_TYPES_H 1
| #define HAVE_SYS_STAT_H 1
| #define HAVE_STDLIB_H 1
| #define HAVE_STRING_H 1
| #define HAVE_MEMORY_H 1
| #define HAVE_STRINGS_H 1
| #define HAVE_INTTYPES_H 1
| #define HAVE_STDINT_H 1
| #define HAVE_UNISTD_H 1
| #define HAVE_STDLIB_H 1
| #define HAVE_UNISTD_H 1
| #define HAVE__BOOL 1
| /* end confdefs.h.  */
| #include <stdio.h>
| #ifdef HAVE_SYS_TYPES_H
| # include <sys/types.h>
| #endif
| #ifdef HAVE_SYS_STAT_H
| # include <sys/stat.h>
| #endif
| #ifdef STDC_HEADERS
| # include <stdlib.h>
| # include <stddef.h>
| #else
| # ifdef HAVE_STDLIB_H
| #  include <stdlib.h>
| # endif
| #endif
| #ifdef HAVE_STRING_H
| # if !defined STDC_HEADERS && defined HAVE_MEMORY_H
| #  include <memory.h>
| # endif
| # include <string.h>
| #endif
| #ifdef HAVE_STRINGS_H
| # include <strings.h>
| #endif
| #ifdef HAVE_INTTYPES_H
| # include <inttypes.h>
| #endif
| #ifdef HAVE_STDINT_H
| # include <stdint.h>
| #endif
| #ifdef HAVE_UNISTD_H
| # include <unistd.h>
| #endif
| int
| main ()
| {
| if (sizeof ((ptrdiff_t)))
| 	    return 0;
|   ;
|   return 0;
| }
configure:6065: result: yes
configure:6077: checking for error_at_line
configure:6093: x86_64-linux-gnu-gcc -o conftest -g -O2   conftest.c -lpari -lntl -lmpfr -lmpfi -lm -lgmp  >&5
configure:6093: $? = 0
configure:6101: result: yes
configure:6114: checking for stdlib.h
configure:6114: result: yes
configure:6124: checking for GNU libc compatible malloc
configure:6148: x86_64-linux-gnu-gcc -o conftest -g -O2   conftest.c -lpari -lntl -lmpfr -lmpfi -lm -lgmp  >&5
configure:6148: $? = 0
configure:6148: ./conftest
configure:6148: $? = 0
configure:6158: result: yes
configure:6182: checking for dup2
configure:6182: x86_64-linux-gnu-gcc -o conftest -g -O2   conftest.c -lpari -lntl -lmpfr -lmpfi -lm -lgmp  >&5
configure:6182: $? = 0
configure:6182: result: yes
configure:6182: checking for floor
configure:6182: x86_64-linux-gnu-gcc -o conftest -g -O2   conftest.c -lpari -lntl -lmpfr -lmpfi -lm -lgmp  >&5
conftest.c:59:6: warning: conflicting types for built-in function 'floor'; expected 'double(double)' [-Wbuiltin-declaration-mismatch]
   59 | char floor ();
      |      ^~~~~
conftest.c:47:1: note: 'floor' is declared in header '<math.h>'
   46 | # include <limits.h>
   47 | #else
configure:6182: $? = 0
configure:6182: result: yes
configure:6182: checking for memset
configure:6182: x86_64-linux-gnu-gcc -o conftest -g -O2   conftest.c -lpari -lntl -lmpfr -lmpfi -lm -lgmp  >&5
conftest.c:60:6: warning: conflicting types for built-in function 'memset'; expected 'void *(void *, int,  long unsigned int)' [-Wbuiltin-declaration-mismatch]
   60 | char memset ();
      |      ^~~~~~
conftest.c:48:1: note: 'memset' is declared in header '<string.h>'
   47 | # include <limits.h>
   48 | #else
configure:6182: $? = 0
configure:6182: result: yes
configure:6182: checking for pow
configure:6182: x86_64-linux-gnu-gcc -o conftest -g -O2   conftest.c -lpari -lntl -lmpfr -lmpfi -lm -lgmp  >&5
conftest.c:61:6: warning: conflicting types for built-in function 'pow'; expected 'double(double,  double)' [-Wbuiltin-declaration-mismatch]
   61 | char pow ();
      |      ^~~
conftest.c:49:1: note: 'pow' is declared in header '<math.h>'
   48 | # include <limits.h>
   49 | #else
configure:6182: $? = 0
configure:6182: result: yes
configure:6182: checking for sqrt
configure:6182: x86_64-linux-gnu-gcc -o conftest -g -O2   conftest.c -lpari -lntl -lmpfr -lmpfi -lm -lgmp  >&5
conftest.c:62:6: warning: conflicting types for built-in function 'sqrt'; expected 'double(double)' [-Wbuiltin-declaration-mismatch]
   62 | char sqrt ();
      |      ^~~~
conftest.c:50:1: note: 'sqrt' is declared in header '<math.h>'
   49 | # include <limits.h>
   50 | #else
configure:6182: $? = 0
configure:6182: result: yes
configure:6296: checking that generated files are newer than configure
configure:6302: result: done
configure:6329: creating ./config.status

## ---------------------- ##
## Running config.status. ##
## ---------------------- ##

This file was extended by ANTL config.status 1.0, which was
generated by GNU Autoconf 2.69.  Invocation command line was

  CONFIG_FILES    = 
  CONFIG_HEADERS  = 
  CONFIG_LINKS    = 
  CONFIG_COMMANDS = 
  $ ./config.status 

on normal

config.status:888: creating Makefile
config.status:888: creating config.h
config.status:1117: executing depfiles commands
config.status:1194: cd .       && sed -e '/# am--include-marker/d' Makefile         | make -f - am--depfiles
config.status:1199: $? = 0

## ---------------- ##
## Cache variables. ##
## ---------------- ##

ac_cv_build=x86_64-pc-linux-gnu
ac_cv_c_compiler_gnu=yes
ac_cv_c_inline=inline
ac_cv_c_int32_t=yes
ac_cv_c_int64_t=yes
ac_cv_c_uint32_t=yes
ac_cv_c_uint64_t=yes
ac_cv_c_uint8_t=yes
ac_cv_cxx_compiler_gnu=yes
ac_cv_env_CCC_set=
ac_cv_env_CCC_value=
ac_cv_env_CC_set=
ac_cv_env_CC_value=
ac_cv_env_CFLAGS_set=
ac_cv_env_CFLAGS_value=
ac_cv_env_CPPFLAGS_set=
ac_cv_env_CPPFLAGS_value=
ac_cv_env_CPP_set=
ac_cv_env_CPP_value=
ac_cv_env_CXXFLAGS_set=
ac_cv_env_CXXFLAGS_value=
ac_cv_env_CXX_set=
ac_cv_env_CXX_value=
ac_cv_env_LDFLAGS_set=
ac_cv_env_LDFLAGS_value=
ac_cv_env_LIBS_set=
ac_cv_env_LIBS_value=
ac_cv_env_build_alias_set=
ac_cv_env_build_alias_value=
ac_cv_env_host_alias_set=set
ac_cv_env_host_alias_value=x86_64-linux-gnu
ac_cv_env_target_alias_set=
ac_cv_env_target_alias_value=
ac_cv_func_dup2=yes
ac_cv_func_floor=yes
ac_cv_func_malloc_0_nonnull=yes
ac_cv_func_memset=yes
ac_cv_func_pow=yes
ac_cv_func_sqrt=yes
ac_cv_header_inttypes_h=yes
ac_cv_header_memory_h=yes
ac_cv_header_stdbool_h=yes
ac_cv_header_stdc=yes
ac_cv_header_stdint_h=yes
ac_cv_header_stdlib_h=yes
ac_cv_header_string_h=yes
ac_cv_header_strings_h=yes
ac_cv_header_sys_stat_h=yes
ac_cv_header_sys_types_h=yes
ac_cv_header_unistd_h=yes
ac_cv_host=x86_64-pc-linux-gnu
ac_cv_lib_error_at_line=yes
ac_cv_lib_gmp_main=yes
ac_cv_lib_m_main=yes
ac_cv_lib_mpfi_main=yes
ac_cv_lib_mpfr_main=yes
ac_cv_lib_ntl_main=yes
ac_cv_lib_pari_main=yes
ac_cv_objext=o
ac_cv_path_EGREP='/usr/bin/grep -E'
ac_cv_path_GREP=/usr/bin/grep
ac_cv_path_SED=/usr/bin/sed
ac_cv_path_install='/usr/bin/install -c'
ac_cv_path_mkdir=/usr/bin/mkdir
ac_cv_prog_AWK=gawk
ac_cv_prog_CC=x86_64-linux-gnu-gcc
ac_cv_prog_CPP='x86_64-linux-gnu-gcc -E'
ac_cv_prog_CXX=x86_64-linux-gnu-g++
ac_cv_prog_STRIP=x86_64-linux-gnu-strip
ac_cv_prog_cc_c89=
ac_cv_prog_cc_g=yes
ac_cv_prog_cxx_g=yes
ac_cv_prog_make_make_set=yes
ac_cv_type__Bool=yes
ac_cv_type_ptrdiff_t=yes
ac_cv_type_size_t=yes
am_cv_CC_dependencies_compiler_type=gcc3
am_cv_CXX_dependencies_compiler_type=gcc3
am_cv_make_support_nested_variables=yes
am_cv_prog_cc_c_o=yes
ax_cv_PTHREAD_CLANG=no
ax_cv_PTHREAD_JOINABLE_ATTR=PTHREAD_CREATE_JOINABLE
ax_cv_PTHREAD_PRIO_INHERIT=yes
ax_cv_PTHREAD_SPECIAL_FLAGS=no

## ----------------- ##
## Output variables. ##
## ----------------- ##

ACLOCAL='${SHELL} /home/work/ANTLtesting/ANTL/build/missing aclocal-1.16'
AMDEPBACKSLASH='\'
AMDEP_FALSE='#'
AMDEP_TRUE=''
AMTAR='$${TAR-tar}'
AM_BACKSLASH='\'
AM_DEFAULT_V='$(AM_DEFAULT_VERBOSITY)'
AM_DEFAULT_VERBOSITY='1'
AM_V='$(V)'
AUTOCONF='${SHELL} /home/work/ANTLtesting/ANTL/build/missing autoconf'
AUTOHEADER='${SHELL} /home/work/ANTLtesting/ANTL/build/missing autoheader'
AUTOMAKE='${SHELL} /home/work/ANTLtesting/ANTL/build/missing automake-1.16'
AWK='gawk'
CC='x86_64-linux-gnu-gcc'
CCDEPMODE='depmode=gcc3'
CFLAGS='-g -O2'
CPP='x86_64-linux-gnu-gcc -E'
CPPFLAGS=''
CXX='x86_64-linux-gnu-g++'
CXXDEPMODE='depmode=gcc3'
CXXFLAGS='-g -O2'
CYGPATH_W='echo'
DEFS='-DHAVE_CONFIG_H'
DEPDIR='.deps'
ECHO_C=''
ECHO_N='-n'
ECHO_T=''
EGREP='/usr/bin/grep -E'
EXEEXT=''
GREP='/usr/bin/grep'
INSTALL_DATA='${INSTALL} -m 644'
INSTALL_PROGRAM='${INSTALL}'
INSTALL_SCRIPT='${INSTALL}'
INSTALL_STRIP_PROGRAM='$(install_sh) -c -s'
LDFLAGS=''
LIBOBJS=''
LIBS='-lpari -lntl -lmpfr -lmpfi -lm -lgmp '
LN_S='ln -s'
LTLIBOBJS=''
MAKEINFO='${SHELL} /home/work/ANTLtesting/ANTL/build/missing makeinfo'
MKDIR_P='/usr/bin/mkdir -p'
OBJEXT='o'
PACKAGE='antl'
PACKAGE_BUGREPORT='test@gmail.com'
PACKAGE_NAME='ANTL'
PACKAGE_STRING='ANTL 1.0'
PACKAGE_TARNAME='antl'
PACKAGE_URL=''
PACKAGE_VERSION='1.0'
PATH_SEPARATOR=':'
PTHREAD_CC='x86_64-linux-gnu-gcc'
PTHREAD_CFLAGS='-pthread'
PTHREAD_LIBS=''
SED='/usr/bin/sed'
SET_MAKE=''
SHELL='/bin/bash'
STRIP='x86_64-linux-gnu-strip'
VERSION='1.0'
ac_ct_CC=''
ac_ct_CXX=''
am__EXEEXT_FALSE=''
am__EXEEXT_TRUE='#'
am__fastdepCC_FALSE='#'
am__fastdepCC_TRUE=''
am__fastdepCXX_FALSE='#'
am__fastdepCXX_TRUE=''
am__include='include'
am__isrc=''
am__leading_dot='.'
am__nodep='_no'
am__quote=''
am__tar='$${TAR-tar} chof - "$$tardir"'
am__untar='$${TAR-tar} xf -'
ax_pthread_config=''
bindir='${exec_prefix}/bin'
build='x86_64-pc-linux-gnu'
build_alias=''
build_cpu='x86_64'
build_os='linux-gnu'
build_vendor='pc'
datadir='${datarootdir}'
datarootdir='${prefix}/share'
docdir='${datarootdir}/doc/${PACKAGE_TARNAME}'
dvidir='${docdir}'
exec_prefix='${prefix}'
host='x86_64-pc-linux-gnu'
host_alias='x86_64-linux-gnu'
host_cpu='x86_64'
host_os='linux-gnu'
host_vendor='pc'
htmldir='${docdir}'
includedir='${prefix}/include'
infodir='${datarootdir}/info'
install_sh='${SHELL} /home/work/ANTLtesting/ANTL/build/install-sh'
libdir='${exec_prefix}/lib'
libexecdir='${exec_prefix}/libexec'
localedir='${datarootdir}/locale'
localstatedir='${prefix}/var'
mandir='${datarootdir}/man'
mkdir_p='$(MKDIR_P)'
oldincludedir='/usr/include'
pdfdir='${docdir}'
prefix='/home/work/.cache/gnome-builder/install/ANTL/host'
program_transform_name='s,x,x,'
psdir='${docdir}'
runstatedir='${localstatedir}/run'
sbindir='${exec_prefix}/sbin'
sharedstatedir='${prefix}/com'
sysconfdir='${prefix}/etc'
target_alias=''

## ----------- ##
## confdefs.h. ##
## ----------- ##

/* confdefs.h */
#define PACKAGE_NAME "ANTL"
#define PACKAGE_TARNAME "antl"
#define PACKAGE_VERSION "1.0"
#define PACKAGE_STRING "ANTL 1.0"
#define PACKAGE_BUGREPORT "test@gmail.com"
#define PACKAGE_URL ""
#define PACKAGE "antl"
#define VERSION "1.0"
#define HAVE_PTHREAD_PRIO_INHERIT 1
#define HAVE_PTHREAD 1
#define HAVE_LIBGMP 1
#define HAVE_LIBM 1
#define HAVE_LIBMPFI 1
#define HAVE_LIBMPFR 1
#define HAVE_LIBNTL 1
#define HAVE_LIBPARI 1
#define STDC_HEADERS 1
#define HAVE_SYS_TYPES_H 1
#define HAVE_SYS_STAT_H 1
#define HAVE_STDLIB_H 1
#define HAVE_STRING_H 1
#define HAVE_MEMORY_H 1
#define HAVE_STRINGS_H 1
#define HAVE_INTTYPES_H 1
#define HAVE_STDINT_H 1
#define HAVE_UNISTD_H 1
#define HAVE_STDLIB_H 1
#define HAVE_UNISTD_H 1
#define HAVE__BOOL 1
#define HAVE_PTRDIFF_T 1
#define HAVE_STDLIB_H 1
#define HAVE_MALLOC 1
#define HAVE_DUP2 1
#define HAVE_FLOOR 1
#define HAVE_MEMSET 1
#define HAVE_POW 1
#define HAVE_SQRT 1

configure: exit 0
